0 info it worked if it ends with ok
1 verbose cli [ '/usr/bin/nodejs', '/usr/bin/npm', 'install', 'hexo-cli', '-g' ]
2 info using npm@1.4.21
3 info using node@v0.10.25
4 verbose cache add [ 'hexo-cli', null ]
5 verbose cache add name=undefined spec="hexo-cli" args=["hexo-cli",null]
6 verbose parsed url { protocol: null,
6 verbose parsed url   slashes: null,
6 verbose parsed url   auth: null,
6 verbose parsed url   host: null,
6 verbose parsed url   port: null,
6 verbose parsed url   hostname: null,
6 verbose parsed url   hash: null,
6 verbose parsed url   search: null,
6 verbose parsed url   query: null,
6 verbose parsed url   pathname: 'hexo-cli',
6 verbose parsed url   path: 'hexo-cli',
6 verbose parsed url   href: 'hexo-cli' }
7 silly lockFile 48f79efe-hexo-cli hexo-cli
8 verbose lock hexo-cli /usr/xiaozhen/.npm/48f79efe-hexo-cli.lock
9 silly lockFile 48f79efe-hexo-cli hexo-cli
10 silly lockFile 48f79efe-hexo-cli hexo-cli
11 verbose addNamed [ 'hexo-cli', '' ]
12 verbose addNamed [ null, '*' ]
13 silly lockFile f0acc666-hexo-cli hexo-cli@
14 verbose lock hexo-cli@ /usr/xiaozhen/.npm/f0acc666-hexo-cli.lock
15 silly addNameRange { name: 'hexo-cli', range: '*', hasData: false }
16 verbose request where is /hexo-cli
17 verbose request registry https://registry.npmjs.org/
18 verbose request id 93bdfe4e3cee5c13
19 verbose url raw /hexo-cli
20 verbose url resolving [ 'https://registry.npmjs.org/', './hexo-cli' ]
21 verbose url resolved https://registry.npmjs.org/hexo-cli
22 verbose request where is https://registry.npmjs.org/hexo-cli
23 info trying registry request attempt 1 at 23:45:52
24 verbose etag "B9TADAH697TUQSLL9BMG5HWSF"
25 http GET https://registry.npmjs.org/hexo-cli
26 http 304 https://registry.npmjs.org/hexo-cli
27 silly registry.get cb [ 304,
27 silly registry.get   { date: 'Thu, 18 Jun 2015 21:45:52 GMT',
27 silly registry.get     via: '1.1 varnish',
27 silly registry.get     'cache-control': 'max-age=60',
27 silly registry.get     etag: '"B9TADAH697TUQSLL9BMG5HWSF"',
27 silly registry.get     age: '0',
27 silly registry.get     connection: 'keep-alive',
27 silly registry.get     'x-served-by': 'cache-fra1242-FRA',
27 silly registry.get     'x-cache': 'HIT',
27 silly registry.get     'x-cache-hits': '1',
27 silly registry.get     'x-timer': 'S1434663952.606265,VS0,VE100',
27 silly registry.get     vary: 'Accept' } ]
28 verbose etag https://registry.npmjs.org/hexo-cli from cache
29 silly addNameRange number 2 { name: 'hexo-cli', range: '*', hasData: true }
30 silly addNameRange versions [ 'hexo-cli',
30 silly addNameRange   [ '0.0.1',
30 silly addNameRange     '0.1.0',
30 silly addNameRange     '0.1.1',
30 silly addNameRange     '0.1.2',
30 silly addNameRange     '0.1.3',
30 silly addNameRange     '0.1.4',
30 silly addNameRange     '0.1.5',
30 silly addNameRange     '0.1.6',
30 silly addNameRange     '0.1.7' ] ]
31 verbose addNamed [ 'hexo-cli', '0.1.7' ]
32 verbose addNamed [ '0.1.7', '0.1.7' ]
33 silly lockFile 8d1f053c-hexo-cli-0-1-7 hexo-cli@0.1.7
34 verbose lock hexo-cli@0.1.7 /usr/xiaozhen/.npm/8d1f053c-hexo-cli-0-1-7.lock
35 silly lockFile 8d1f053c-hexo-cli-0-1-7 hexo-cli@0.1.7
36 silly lockFile 8d1f053c-hexo-cli-0-1-7 hexo-cli@0.1.7
37 silly lockFile f0acc666-hexo-cli hexo-cli@
38 silly lockFile f0acc666-hexo-cli hexo-cli@
39 silly resolved [ { name: 'hexo-cli',
39 silly resolved     version: '0.1.7',
39 silly resolved     description: 'Command line interface for Hexo',
39 silly resolved     main: 'lib/index',
39 silly resolved     bin: { hexo: './bin/hexo' },
39 silly resolved     scripts: { test: 'gulp test' },
39 silly resolved     directories: { lib: './lib', bin: './bin' },
39 silly resolved     engines: { node: '>= 0.10.0' },
39 silly resolved     repository:
39 silly resolved      { type: 'git',
39 silly resolved        url: 'git+https://github.com/hexojs/hexo-cli.git' },
39 silly resolved     homepage: 'http://hexo.io/',
39 silly resolved     keywords: [ 'website', 'blog', 'cms', 'framework', 'hexo', 'cli' ],
39 silly resolved     author:
39 silly resolved      { name: 'Tommy Chen',
39 silly resolved        email: 'tommy351@gmail.com',
39 silly resolved        url: 'http://zespia.tw' },
39 silly resolved     license: 'MIT',
39 silly resolved     dependencies:
39 silly resolved      { abbrev: '^1.0.5',
39 silly resolved        bluebird: '^2.9.8',
39 silly resolved        chalk: '^1.0.0',
39 silly resolved        'hexo-fs': '^0.1.3',
39 silly resolved        minimist: '^1.1.0',
39 silly resolved        tildify: '^1.0.0' },
39 silly resolved     devDependencies:
39 silly resolved      { chai: '^1.9.1',
39 silly resolved        coveralls: '^2.11.2',
39 silly resolved        del: '^1.1.1',
39 silly resolved        gulp: '^3.8.9',
39 silly resolved        'gulp-istanbul': '^0.5.0',
39 silly resolved        'gulp-jshint': '^1.8.6',
39 silly resolved        'gulp-load-plugins': '^0.8.0',
39 silly resolved        'gulp-mocha': '^2.0.0',
39 silly resolved        'hexo-renderer-marked': '^0.2.3',
39 silly resolved        'jshint-stylish': '^1.0.0',
39 silly resolved        mocha: '^2.0.1',
39 silly resolved        sinon: '^1.12.2' },
39 silly resolved     gitHead: 'cbb92d26e1b5ffb6dd8ce5a8f08f605155aa19ac',
39 silly resolved     bugs: { url: 'https://github.com/hexojs/hexo-cli/issues' },
39 silly resolved     _id: 'hexo-cli@0.1.7',
39 silly resolved     _shasum: '58332f61fd18bbcf0c9ac998d124eb92bdb0600f',
39 silly resolved     _from: 'hexo-cli@',
39 silly resolved     _npmVersion: '2.10.1',
39 silly resolved     _nodeVersion: '0.12.4',
39 silly resolved     _npmUser: { name: 'tommy351', email: 'tommy351@gmail.com' },
39 silly resolved     maintainers: [ [Object] ],
39 silly resolved     dist:
39 silly resolved      { shasum: '58332f61fd18bbcf0c9ac998d124eb92bdb0600f',
39 silly resolved        tarball: 'http://registry.npmjs.org/hexo-cli/-/hexo-cli-0.1.7.tgz' },
39 silly resolved     _resolved: 'https://registry.npmjs.org/hexo-cli/-/hexo-cli-0.1.7.tgz',
39 silly resolved     readme: 'ERROR: No README data found!' } ]
40 info install hexo-cli@0.1.7 into /usr/local/lib
41 info installOne hexo-cli@0.1.7
42 verbose lib/node_modules/hexo-cli unbuild
43 info preuninstall hexo-cli@0.1.7
44 info uninstall hexo-cli@0.1.7
45 verbose true,/usr/local/lib/node_modules,/usr/local/lib/node_modules unbuild hexo-cli@0.1.7
46 verbose /usr/local/bin,[object Object] binRoot
47 verbose lib/node_modules/hexo-cli unbuild
48 info preuninstall hexo-cli@0.1.7
49 info uninstall hexo-cli@0.1.7
50 verbose true,/usr/local/lib/node_modules,/usr/local/lib/node_modules unbuild hexo-cli@0.1.7
51 verbose /usr/local/bin,[object Object] binRoot
52 error error rolling back Error: EACCES, unlink '/usr/local/bin/hexo'
52 error error rolling back  hexo-cli@0.1.7 { [Error: EACCES, unlink '/usr/local/bin/hexo'] errno: 3, code: 'EACCES', path: '/usr/local/bin/hexo' }
53 error Error: EACCES, unlink '/usr/local/bin/hexo'
53 error  { [Error: EACCES, unlink '/usr/local/bin/hexo'] errno: 3, code: 'EACCES', path: '/usr/local/bin/hexo' }
54 error Please try running this command again as root/Administrator.
55 error System Linux 3.8.0-19-generic
56 error command "/usr/bin/nodejs" "/usr/bin/npm" "install" "hexo-cli" "-g"
57 error cwd /usr/xiaozhen/Workspace/myblog
58 error node -v v0.10.25
59 error npm -v 1.4.21
60 error path /usr/local/bin/hexo
61 error code EACCES
62 error errno 3
63 error stack Error: EACCES, unlink '/usr/local/bin/hexo'
64 verbose exit [ 3, true ]
